<?xml version="1.0" encoding="UTF-8"?>
<!-- Generated by org.testng.reporters.JUnitReportReporter -->
<testsuite hostname="LAPTOP-7EUHQT0K" failures="0" tests="1" name="testngpractice" time="0.022" errors="0" timestamp="2023-05-20T10:52:16 BST" skipped="0">
  <testcase classname="testngpractice" name="demo" time="0.022"/>
  <system-out/>
</testsuite> <!-- testngpractice -->
